13:06:58.428 [main] INFO  org.testng.internal.Utils - [Utils] MethodGroupsHelper.sortMethods() took 0 ms.
13:06:58.441 [main] INFO  org.testng.internal.Utils - [Utils] MethodGroupsHelper.collectMethodsByGroup() took 0 ms.
13:06:58.441 [main] INFO  org.testng.internal.Utils - [Utils] MethodGroupsHelper.sortMethods() took 0 ms.
13:06:58.444 [main] INFO  org.testng.internal.Utils - [Utils] MethodGroupsHelper.collectMethodsByGroup() took 1 ms.
13:06:58.447 [main] INFO  org.testng.internal.Utils - [Utils] MethodGroupsHelper.sortMethods() took 3 ms.
13:06:58.452 [main] INFO  org.testng.internal.Utils - [Utils] MethodGroupsHelper.collectMethodsByGroup() took 0 ms.
13:06:58.452 [main] INFO  org.testng.internal.Utils - [Utils] MethodGroupsHelper.sortMethods() took 0 ms.
13:06:58.453 [main] INFO  org.testng.internal.Utils - [Utils] MethodGroupsHelper.collectMethodsByGroup() took 0 ms.
13:06:58.453 [main] INFO  org.testng.internal.Utils - [Utils] MethodGroupsHelper.sortMethods() took 0 ms.
13:06:58.472 [main] INFO  org.testng.internal.Utils - [TestNG] Running:
  C:\Users\2321905\AppData\Local\Temp\1\testng-eclipse-682471937\testng-customsuite.xml

13:06:58.516 [main] INFO  org.testng.internal.Utils - [Utils] DynamicGraphHelper.createDynamicGraph() took 11 ms.
13:06:58.903 [main] INFO  org.testng.internal.Utils - [TestNG] Time taken by org.testng.reporters.jq.Main@1433046b: 152 ms
13:06:58.942 [main] INFO  org.testng.internal.Utils - [TestNG] Time taken by org.testng.reporters.FailedReporter@74cadd41: 39 ms
13:06:58.983 [main] INFO  org.testng.internal.Utils - [TestNG] Time taken by org.testng.reporters.XMLReporter@470a696f: 40 ms
13:06:59.002 [main] INFO  org.testng.internal.Utils - [TestNG] Time taken by org.testng.reporters.EmailableReporter2@51850751: 19 ms
13:06:59.021 [main] INFO  org.testng.internal.Utils - [TestNG] Time taken by org.testng.reporters.JUnitReportReporter@34a97744: 19 ms
13:06:59.022 [main] INFO  org.testng.internal.Utils - [TestNG] Time taken by org.testng.internal.ExitCodeListener@4275c20c: 0 ms
13:07:39.240 [main] INFO  org.testng.internal.Utils - [TestNG] Running:
  C:\Users\2321905\Downloads\BikesHackathon\BikesHackathon\hackathonCTS\master.xml

13:08:10.018 [main] INFO  testCases.TC_004_E2E - *****  Starting TC_001_NavigateFromHomePage  *****
13:08:10.310 [main] INFO  testCases.TC_004_E2E - Moved cursor to NewBikes Dropdown
13:08:33.166 [main] INFO  testCases.TC_004_E2E - Clicked on Upcoming Bikes Section
13:08:33.166 [main] INFO  testCases.TC_004_E2E - *****  Finished TC_001_NavigateFromHomePage  *****
13:08:33.218 [main] INFO  testCases.TC_004_E2E - *****  Starting TC_002_UpcomingCarDetails  *****
13:08:33.229 [main] INFO  testCases.TC_004_E2E - Selecting Honda from Manufacturers List
13:08:34.654 [main] INFO  testCases.TC_004_E2E - Printing the bike details on Console
13:08:36.050 [main] INFO  testCases.TC_004_E2E - *****  Finished TC_002_UpcomingCarDetails   *****
13:08:36.054 [main] INFO  testCases.TC_004_E2E - ***** Starting TC_003_UsedCarsChennai  *****
13:08:36.058 [main] INFO  testCases.TC_004_E2E - Moved cursor to Used Cars Dropdown
13:08:36.244 [main] INFO  testCases.TC_004_E2E - Selecting Chennai from List
13:09:06.735 [main] INFO  testCases.TC_004_E2E - ***** Finished TC_003_UsedCarsChennai   *****
